<?xml version="1.0" encoding="UTF-8"?>
<testsuite xmlns:xsi="http://www.w3.org/2001/XMLSchema-instance" xsi:noNamespaceSchemaLocation="https://maven.apache.org/surefire/maven-surefire-plugin/xsd/surefire-test-report.xsd" name="io.pmem.pmemkv.tests.DatabaseTest" time="0.267" tests="29" errors="0" skipped="0" failures="0">
  <properties>
[...]
</properties>
  <testcase name="usesGetAllAboveTest" classname="io.pmem.pmemkv.tests.DatabaseTest" time="0.033"/>
  <testcase name="usesGetKeysAboveTest" classname="io.pmem.pmemkv.tests.DatabaseTest" time="0.009"/>
  <testcase name="throwsExceptionOnStartWhenConfigIsMalformedTest" classname="io.pmem.pmemkv.tests.DatabaseTest" time="0.002"/>
  <testcase name="usesGetAllBelowTest" classname="io.pmem.pmemkv.tests.DatabaseTest" time="0.008"/>
  <testcase name="usesGetKeysBelowTest" classname="io.pmem.pmemkv.tests.DatabaseTest" time="0.008"/>
  <testcase name="usesCountTest" classname="io.pmem.pmemkv.tests.DatabaseTest" time="0.009"/>
  <testcase name="putsMultipleValuesTest" classname="io.pmem.pmemkv.tests.DatabaseTest" time="0.005"/>
  <testcase name="startEngineTest" classname="io.pmem.pmemkv.tests.DatabaseTest" time="0.004"/>
  <testcase name="usesGetAllTest" classname="io.pmem.pmemkv.tests.DatabaseTest" time="0.007"/>
  <testcase name="usesGetKeysBetweenTest" classname="io.pmem.pmemkv.tests.DatabaseTest" time="0.011"/>
  <testcase name="putsComplexValueTest" classname="io.pmem.pmemkv.tests.DatabaseTest" time="0.005"/>
  <testcase name="putsBinaryValueTest" classname="io.pmem.pmemkv.tests.DatabaseTest" time="0.003"/>
  <testcase name="throwsExceptionOnStartWhenEngineIsInvalidTest" classname="io.pmem.pmemkv.tests.DatabaseTest" time="0.001"/>
  <testcase name="putsEmptyKeyTest" classname="io.pmem.pmemkv.tests.DatabaseTest" time="0.005"/>
  <testcase name="putsBinaryKeyTest" classname="io.pmem.pmemkv.tests.DatabaseTest" time="0.004"/>
  <testcase name="usesGetKeysTest" classname="io.pmem.pmemkv.tests.DatabaseTest" time="0.01"/>
  <testcase name="throwsExceptionOnStartWhenConfigIsEmptyTest" classname="io.pmem.pmemkv.tests.DatabaseTest" time="0.001"/>
  <testcase name="throwsExceptionOnStartWhenPathIsInvalidTest" classname="io.pmem.pmemkv.tests.DatabaseTest" time="0.001"/>
  <testcase name="putsUtf8KeyTest" classname="io.pmem.pmemkv.tests.DatabaseTest" time="0.003"/>
  <testcase name="usesBuffersTest" classname="io.pmem.pmemkv.tests.DatabaseTest" time="0.006"/>
  <testcase name="stopsEngineMultipleTimesTest" classname="io.pmem.pmemkv.tests.DatabaseTest" time="0.002"/>
  <testcase name="blackholeTest" classname="io.pmem.pmemkv.tests.DatabaseTest" time="0"/>
  <testcase name="putsUtf8ValueTest" classname="io.pmem.pmemkv.tests.DatabaseTest" time="0.003"/>
  <testcase name="putsBasicValueTest" classname="io.pmem.pmemkv.tests.DatabaseTest" time="0.003"/>
  <testcase name="throwsExceptionOnStartWhenPathIsWrongTypeTest" classname="io.pmem.pmemkv.tests.DatabaseTest" time="0"/>
  <testcase name="usesGetAllBetweenTest" classname="io.pmem.pmemkv.tests.DatabaseTest" time="0.009"/>
  <testcase name="putsOverwritingExistingValueTest" classname="io.pmem.pmemkv.tests.DatabaseTest" time="0.003"/>
  <testcase name="putsEmptyValueTest" classname="io.pmem.pmemkv.tests.DatabaseTest" time="0.004"/>
  <testcase name="getsMissingKeyTest" classname="io.pmem.pmemkv.tests.DatabaseTest" time="0.003"/>
</testsuite>